<?xml version="1.0" encoding="UTF-8"?>
<!-- Generated by org.testng.reporters.JUnitReportReporter -->
<testsuite hostname="LAPTOP-920Q2ROT" failures="0" tests="1" name="com.inetbanking.testCase.TC_LoginDDT_002" time="0.000" errors="0" timestamp="2022-04-09T02:12:15 CEST" skipped="1">
  <testcase classname="com.inetbanking.testCase.TC_LoginDDT_002" name="loginDDT" time="0.000">
    <skipped/>
  </testcase> <!-- loginDDT -->
  <system-out/>
</testsuite> <!-- com.inetbanking.testCase.TC_LoginDDT_002 -->
