<?xml version="1.0" encoding="UTF-8"?>
<!-- Generated by org.testng.reporters.JUnitReportReporter -->
<testsuite hostname="LAPTOP-920Q2ROT" failures="0" tests="1" name="com.inetbanking.pageObject.SetupPage" time="8.152" errors="0" timestamp="2022-03-07T10:47:12 WEST" skipped="0">
  <testcase classname="com.inetbanking.pageObject.SetupPage" name="setup" time="8.152"/>
  <system-out/>
</testsuite> <!-- com.inetbanking.pageObject.SetupPage -->
